This file contains any messages produced by compilers while
running configure, to aid debugging if configure makes a mistake.

It was created by dieharder configure 3.31.1, which was
generated by GNU Autoconf 2.69.  Invocation command line was

  $ ./configure --prefix=/home/mayank/Desktop/randomness/Tests/dieharder_install/dieharder-3.31.1/../install

## --------- ##
## Platform. ##
## --------- ##

hostname = kharbanda
uname -m = x86_64
uname -r = 5.3.0-29-generic
uname -s = Linux
uname -v = #31-Ubuntu SMP Fri Jan 17 17:27:26 UTC 2020

/usr/bin/uname -p = unknown
/bin/uname -X     = unknown

/bin/arch              = unknown
/usr/bin/arch -k       = unknown
/usr/convex/getsysinfo = unknown
/usr/bin/hostinfo      = unknown
/bin/machine           = unknown
/usr/bin/oslevel       = unknown
/bin/universe          = unknown

PATH: /home/mayank/anaconda3/bin
PATH: /home/mayank/bin
PATH: /usr/local/sbin
PATH: /usr/local/bin
PATH: /usr/sbin
PATH: /usr/bin
PATH: /sbin
PATH: /bin
PATH: /usr/games
PATH: /usr/local/games
PATH: /snap/bin


## ----------- ##
## Core tests. ##
## ----------- ##

configure:2326: checking for a BSD-compatible install
configure:2394: result: /usr/bin/install -c
configure:2405: checking whether build environment is sane
configure:2460: result: yes
configure:2496: WARNING: 'missing' script is too old or missing
configure:2609: checking for a thread-safe mkdir -p
configure:2648: result: /bin/mkdir -p
configure:2655: checking for gawk
configure:2685: result: no
configure:2655: checking for mawk
configure:2671: found /usr/bin/mawk
configure:2682: result: mawk
configure:2693: checking whether make sets $(MAKE)
configure:2715: result: yes
configure:2744: checking whether make supports nested variables
configure:2761: result: yes
configure:2938: checking build system type
configure:2952: result: x86_64-unknown-linux-gnu
configure:2972: checking host system type
configure:2985: result: x86_64-unknown-linux-gnu
configure:3026: checking how to print strings
configure:3053: result: printf
configure:3078: checking whether make supports the include directive
configure:3093: make -f confmf.GNU && cat confinc.out
this is the am__doit target
configure:3096: $? = 0
configure:3115: result: yes (GNU style)
configure:3185: checking for gcc
configure:3201: found /usr/bin/gcc
configure:3212: result: gcc
configure:3441: checking for C compiler version
configure:3450: gcc --version >&5
gcc (Ubuntu 9.2.1-9ubuntu2) 9.2.1 20191008
Copyright (C) 2019 Free Software Foundation, Inc.
This is free software; see the source for copying conditions.  There is NO
warranty; not even for MERCHANTABILITY or FITNESS FOR A PARTICULAR PURPOSE.

configure:3461: $? = 0
configure:3450: gcc -v >&5
Using built-in specs.
COLLECT_GCC=gcc
COLLECT_LTO_WRAPPER=/usr/lib/gcc/x86_64-linux-gnu/9/lto-wrapper
OFFLOAD_TARGET_NAMES=nvptx-none:hsa
OFFLOAD_TARGET_DEFAULT=1
Target: x86_64-linux-gnu
Configured with: ../src/configure -v --with-pkgversion='Ubuntu 9.2.1-9ubuntu2' --with-bugurl=file:///usr/share/doc/gcc-9/README.Bugs --enable-languages=c,ada,c++,go,brig,d,fortran,objc,obj-c++,gm2 --prefix=/usr --with-gcc-major-version-only --program-suffix=-9 --program-prefix=x86_64-linux-gnu- --enable-shared --enable-linker-build-id --libexecdir=/usr/lib --without-included-gettext --enable-threads=posix --libdir=/usr/lib --enable-nls --enable-bootstrap --enable-clocale=gnu --enable-libstdcxx-debug --enable-libstdcxx-time=yes --with-default-libstdcxx-abi=new --enable-gnu-unique-object --disable-vtable-verify --enable-plugin --enable-default-pie --with-system-zlib --with-target-system-zlib=auto --enable-multiarch --disable-werror --with-arch-32=i686 --with-abi=m64 --with-multilib-list=m32,m64,mx32 --enable-multilib --with-tune=generic --enable-offload-targets=nvptx-none,hsa --without-cuda-driver --enable-checking=release --build=x86_64-linux-gnu --host=x86_64-linux-gnu --target=x86_64-linux-gnu
Thread model: posix
gcc version 9.2.1 20191008 (Ubuntu 9.2.1-9ubuntu2) 
configure:3461: $? = 0
configure:3450: gcc -V >&5
gcc: error: unrecognized command line option '-V'
gcc: fatal error: no input files
compilation terminated.
configure:3461: $? = 1
configure:3450: gcc -qversion >&5
gcc: error: unrecognized command line option '-qversion'; did you mean '--version'?
gcc: fatal error: no input files
compilation terminated.
configure:3461: $? = 1
configure:3481: checking whether the C compiler works
configure:3503: gcc    conftest.c  >&5
configure:3507: $? = 0
configure:3555: result: yes
configure:3558: checking for C compiler default output file name
configure:3560: result: a.out
configure:3566: checking for suffix of executables
configure:3573: gcc -o conftest    conftest.c  >&5
configure:3577: $? = 0
configure:3599: result: 
configure:3621: checking whether we are cross compiling
configure:3629: gcc -o conftest    conftest.c  >&5
configure:3633: $? = 0
configure:3640: ./conftest
configure:3644: $? = 0
configure:3632: result: no
configure:3637: checking for suffix of object files
configure:3659: gcc -c   conftest.c >&5
configure:3663: $? = 0
configure:3684: result: o
configure:3688: checking whether we are using the GNU C compiler
configure:3707: gcc -c   conftest.c >&5
configure:3707: $? = 0
configure:3716: result: yes
configure:3725: checking whether gcc accepts -g
configure:3745: gcc -c -g  conftest.c >&5
configure:3745: $? = 0
configure:3786: result: yes
configure:3803: checking for gcc option to accept ISO C89
configure:3866: gcc  -c -g -O2  conftest.c >&5
configure:3866: $? = 0
configure:3879: result: none needed
configure:3904: checking whether gcc understands -c and -o together
configure:3926: gcc -c conftest.c -o conftest2.o
configure:3929: $? = 0
configure:3926: gcc -c conftest.c -o conftest2.o
configure:3929: $? = 0
configure:3941: result: yes
configure:3960: checking dependency style of gcc
configure:4071: result: gcc3
configure:4086: checking for a sed that does not truncate output
configure:4150: result: /bin/sed
configure:4168: checking for grep that handles long lines and -e
configure:4226: result: /bin/grep
configure:4231: checking for egrep
configure:4293: result: /bin/grep -E
configure:4298: checking for fgrep
configure:4360: result: /bin/grep -F
configure:4395: checking for ld used by gcc
configure:4462: result: /usr/bin/ld
configure:4469: checking if the linker (/usr/bin/ld) is GNU ld
configure:4484: result: yes
configure:4496: checking for BSD- or MS-compatible name lister (nm)
configure:4550: result: /usr/bin/nm -B
configure:4680: checking the name lister (/usr/bin/nm -B) interface
configure:4687: gcc -c -g -O2  conftest.c >&5
configure:4690: /usr/bin/nm -B "conftest.o"
configure:4693: output
0000000000000000 B some_variable
configure:4694: result: BSD nm
configure:4697: checking whether ln -s works
configure:4701: result: yes
configure:4709: checking the maximum length of command line arguments
configure:4840: result: 1572864
configure:4888: checking how to convert x86_64-unknown-linux-gnu file names to x86_64-unknown-linux-gnu format
configure:4928: result: func_convert_file_noop
configure:4935: checking how to convert x86_64-unknown-linux-gnu file names to toolchain format
configure:4955: result: func_convert_file_noop
configure:4962: checking for /usr/bin/ld option to reload object files
configure:4969: result: -r
configure:5043: checking for objdump
configure:5059: found /usr/bin/objdump
configure:5070: result: objdump
configure:5102: checking how to recognize dependent libraries
configure:5302: result: pass_all
configure:5387: checking for dlltool
configure:5417: result: no
configure:5447: checking how to associate runtime and link libraries
configure:5474: result: printf %s\n
configure:5535: checking for ar
configure:5551: found /usr/bin/ar
configure:5562: result: ar
configure:5599: checking for archiver @FILE support
configure:5616: gcc -c -g -O2  conftest.c >&5
configure:5616: $? = 0
configure:5619: ar cru libconftest.a @conftest.lst >&5
ar: `u' modifier ignored since `D' is the default (see `U')
configure:5622: $? = 0
configure:5627: ar cru libconftest.a @conftest.lst >&5
ar: `u' modifier ignored since `D' is the default (see `U')
ar: conftest.o: No such file or directory
configure:5630: $? = 1
configure:5629: result: @
configure:5687: checking for strip
configure:5703: found /usr/bin/strip
configure:5714: result: strip
configure:5786: checking for ranlib
configure:5802: found /usr/bin/ranlib
configure:5813: result: ranlib
configure:5915: checking command to parse /usr/bin/nm -B output from gcc object
configure:6068: gcc -c -g -O2  conftest.c >&5
configure:6071: $? = 0
configure:6075: /usr/bin/nm -B conftest.o | sed -n -e 's/^.*[	 ]\([ABCDGIRSTW][ABCDGIRSTW]*\)[	 ][	 ]*\([_A-Za-z][_A-Za-z0-9]*\)$/\1 \2 \2/p' | sed '/ __gnu_lto/d' > conftest.nm
configure:6141: gcc -o conftest -g -O2   conftest.c conftstm.o >&5
configure:6144: $? = 0
configure:6182: result: ok
configure:6229: checking for sysroot
configure:6259: result: no
configure:6266: checking for a working dd
configure:6304: result: /bin/dd
configure:6308: checking how to truncate binary pipes
configure:6323: result: /bin/dd bs=4096 count=1
configure:6459: gcc -c -g -O2  conftest.c >&5
configure:6462: $? = 0
configure:6652: checking for mt
configure:6668: found /bin/mt
configure:6679: result: mt
configure:6702: checking if mt is a manifest tool
configure:6708: mt '-?'
configure:6716: result: no
configure:7393: checking how to run the C preprocessor
configure:7424: gcc -E  conftest.c
configure:7424: $? = 0
configure:7438: gcc -E  conftest.c
conftest.c:12:10: fatal error: ac_nonexistent.h: No such file or directory
   12 | #include <ac_nonexistent.h>
      |          ^~~~~~~~~~~~~~~~~~
compilation terminated.
configure:7438: $? = 1
configure: failed program was:
| /* confdefs.h */
| #define PACKAGE_NAME "dieharder"
| #define PACKAGE_TARNAME "dieharder"
| #define PACKAGE_VERSION "3.31.1"
| #define PACKAGE_STRING "dieharder 3.31.1"
| #define PACKAGE_BUGREPORT ""
| #define PACKAGE_URL ""
| #define PACKAGE "dieharder"
| #define VERSION "3.31.1"
| #define RELEASED /**/
| /* end confdefs.h.  */
| #include <ac_nonexistent.h>
configure:7463: result: gcc -E
configure:7483: gcc -E  conftest.c
configure:7483: $? = 0
configure:7497: gcc -E  conftest.c
conftest.c:12:10: fatal error: ac_nonexistent.h: No such file or directory
   12 | #include <ac_nonexistent.h>
      |          ^~~~~~~~~~~~~~~~~~
compilation terminated.
configure:7497: $? = 1
configure: failed program was:
| /* confdefs.h */
| #define PACKAGE_NAME "dieharder"
| #define PACKAGE_TARNAME "dieharder"
| #define PACKAGE_VERSION "3.31.1"
| #define PACKAGE_STRING "dieharder 3.31.1"
| #define PACKAGE_BUGREPORT ""
| #define PACKAGE_URL ""
| #define PACKAGE "dieharder"
| #define VERSION "3.31.1"
| #define RELEASED /**/
| /* end confdefs.h.  */
| #include <ac_nonexistent.h>
configure:7526: checking for ANSI C header files
configure:7546: gcc -c -g -O2  conftest.c >&5
configure:7546: $? = 0
configure:7619: gcc -o conftest -g -O2   conftest.c  >&5
configure:7619: $? = 0
configure:7619: ./conftest
configure:7619: $? = 0
configure:7630: result: yes
configure:7643: checking for sys/types.h
configure:7643: gcc -c -g -O2  conftest.c >&5
configure:7643: $? = 0
configure:7643: result: yes
configure:7643: checking for sys/stat.h
configure:7643: gcc -c -g -O2  conftest.c >&5
configure:7643: $? = 0
configure:7643: result: yes
configure:7643: checking for stdlib.h
configure:7643: gcc -c -g -O2  conftest.c >&5
configure:7643: $? = 0
configure:7643: result: yes
configure:7643: checking for string.h
configure:7643: gcc -c -g -O2  conftest.c >&5
configure:7643: $? = 0
configure:7643: result: yes
configure:7643: checking for memory.h
configure:7643: gcc -c -g -O2  conftest.c >&5
configure:7643: $? = 0
configure:7643: result: yes
configure:7643: checking for strings.h
configure:7643: gcc -c -g -O2  conftest.c >&5
configure:7643: $? = 0
configure:7643: result: yes
configure:7643: checking for inttypes.h
configure:7643: gcc -c -g -O2  conftest.c >&5
configure:7643: $? = 0
configure:7643: result: yes
configure:7643: checking for stdint.h
configure:7643: gcc -c -g -O2  conftest.c >&5
configure:7643: $? = 0
configure:7643: result: yes
configure:7643: checking for unistd.h
configure:7643: gcc -c -g -O2  conftest.c >&5
configure:7643: $? = 0
configure:7643: result: yes
configure:7657: checking for dlfcn.h
configure:7657: gcc -c -g -O2  conftest.c >&5
configure:7657: $? = 0
configure:7657: result: yes
configure:7913: checking for objdir
configure:7928: result: .libs
configure:8192: checking if gcc supports -fno-rtti -fno-exceptions
configure:8210: gcc -c -g -O2  -fno-rtti -fno-exceptions conftest.c >&5
cc1: warning: command line option '-fno-rtti' is valid for C++/D/ObjC++ but not for C
configure:8214: $? = 0
configure:8227: result: no
configure:8591: checking for gcc option to produce PIC
configure:8598: result: -fPIC -DPIC
configure:8606: checking if gcc PIC flag -fPIC -DPIC works
configure:8624: gcc -c -g -O2  -fPIC -DPIC -DPIC conftest.c >&5
configure:8628: $? = 0
configure:8641: result: yes
configure:8670: checking if gcc static flag -static works
configure:8698: result: yes
configure:8713: checking if gcc supports -c -o file.o
configure:8734: gcc -c -g -O2  -o out/conftest2.o conftest.c >&5
configure:8738: $? = 0
configure:8760: result: yes
configure:8768: checking if gcc supports -c -o file.o
configure:8815: result: yes
configure:8848: checking whether the gcc linker (/usr/bin/ld -m elf_x86_64) supports shared libraries
configure:10111: result: yes
configure:10148: checking whether -lc should be explicitly linked in
configure:10156: gcc -c -g -O2  conftest.c >&5
configure:10159: $? = 0
configure:10174: gcc -shared  -fPIC -DPIC conftest.o  -v -Wl,-soname -Wl,conftest -o conftest 2\>\&1 \| /bin/grep  -lc  \>/dev/null 2\>\&1
configure:10177: $? = 0
configure:10191: result: no
configure:10351: checking dynamic linker characteristics
configure:10932: gcc -o conftest -g -O2   -Wl,-rpath -Wl,/foo conftest.c  >&5
configure:10932: $? = 0
configure:11181: result: GNU/Linux ld.so
configure:11303: checking how to hardcode library paths into programs
configure:11328: result: immediate
configure:11876: checking whether stripping libraries is possible
configure:11881: result: yes
configure:11916: checking if libtool supports shared libraries
configure:11918: result: yes
configure:11921: checking whether to build shared libraries
configure:11946: result: yes
configure:11949: checking whether to build static libraries
configure:11953: result: yes
configure:8846: checking for gcc
configure:8873: result: gcc
configure:9102: checking for C compiler version
configure:9111: gcc --version >&5
gcc (Ubuntu 9.2.1-9ubuntu2) 9.2.1 20191008
Copyright (C) 2019 Free Software Foundation, Inc.
This is free software; see the source for copying conditions.  There is NO
warranty; not even for MERCHANTABILITY or FITNESS FOR A PARTICULAR PURPOSE.

configure:9122: $? = 0
configure:9111: gcc -v >&5
Using built-in specs.
COLLECT_GCC=gcc
COLLECT_LTO_WRAPPER=/usr/lib/gcc/x86_64-linux-gnu/9/lto-wrapper
OFFLOAD_TARGET_NAMES=nvptx-none:hsa
OFFLOAD_TARGET_DEFAULT=1
Target: x86_64-linux-gnu
Configured with: ../src/configure -v --with-pkgversion='Ubuntu 9.2.1-9ubuntu2' --with-bugurl=file:///usr/share/doc/gcc-9/README.Bugs --enable-languages=c,ada,c++,go,brig,d,fortran,objc,obj-c++,gm2 --prefix=/usr --with-gcc-major-version-only --program-suffix=-9 --program-prefix=x86_64-linux-gnu- --enable-shared --enable-linker-build-id --libexecdir=/usr/lib --without-included-gettext --enable-threads=posix --libdir=/usr/lib --enable-nls --enable-bootstrap --enable-clocale=gnu --enable-libstdcxx-debug --enable-libstdcxx-time=yes --with-default-libstdcxx-abi=new --enable-gnu-unique-object --disable-vtable-verify --enable-plugin --enable-default-pie --with-system-zlib --with-target-system-zlib=auto --enable-multiarch --disable-werror --with-arch-32=i686 --with-abi=m64 --with-multilib-list=m32,m64,mx32 --enable-multilib --with-tune=generic --enable-offload-targets=nvptx-none,hsa --without-cuda-driver --enable-checking=release --build=x86_64-linux-gnu --host=x86_64-linux-gnu --target=x86_64-linux-gnu
Thread model: posix
gcc version 9.2.1 20191008 (Ubuntu 9.2.1-9ubuntu2) 
configure:9122: $? = 0
configure:9111: gcc -V >&5
gcc: error: unrecognized command line option '-V'
gcc: fatal error: no input files
compilation terminated.
configure:9122: $? = 1
configure:9111: gcc -qversion >&5
gcc: error: unrecognized command line option '-qversion'; did you mean '--version'?
gcc: fatal error: no input files
compilation terminated.
configure:9122: $? = 1
configure:9126: checking whether we are using the GNU C compiler
configure:9154: result: yes
configure:9163: checking whether gcc accepts -g
configure:9224: result: yes
configure:9241: checking for gcc option to accept ISO C89
configure:9317: result: none needed
configure:9342: checking whether gcc understands -c and -o together
configure:9379: result: yes
configure:9398: checking dependency style of gcc
configure:9509: result: gcc3
configure:9526: checking whether make sets $(MAKE)
configure:9548: result: yes
configure:9587: checking for size_t
configure:9587: gcc -c -g -O2  conftest.c >&5
conftest.c:23: warning: "RELEASED" redefined
   23 | #define RELEASED 1
      | 
conftest.c:10: note: this is the location of the previous definition
   10 | #define RELEASED /**/
      | 
configure:9587: $? = 0
configure:9587: gcc -c -g -O2  conftest.c >&5
conftest.c:23: warning: "RELEASED" redefined
   23 | #define RELEASED 1
      | 
conftest.c:10: note: this is the location of the previous definition
   10 | #define RELEASED /**/
      | 
conftest.c: In function 'main':
conftest.c:61:21: error: expected expression before ')' token
   61 | if (sizeof ((size_t)))
      |                     ^
configure:9587: $? = 1
configure: failed program was:
| /* confdefs.h */
| #define PACKAGE_NAME "dieharder"
| #define PACKAGE_TARNAME "dieharder"
| #define PACKAGE_VERSION "3.31.1"
| #define PACKAGE_STRING "dieharder 3.31.1"
| #define PACKAGE_BUGREPORT ""
| #define PACKAGE_URL ""
| #define PACKAGE "dieharder"
| #define VERSION "3.31.1"
| #define RELEASED /**/
| #define STDC_HEADERS 1
| #define HAVE_SYS_TYPES_H 1
| #define HAVE_SYS_STAT_H 1
| #define HAVE_STDLIB_H 1
| #define HAVE_STRING_H 1
| #define HAVE_MEMORY_H 1
| #define HAVE_STRINGS_H 1
| #define HAVE_INTTYPES_H 1
| #define HAVE_STDINT_H 1
| #define HAVE_UNISTD_H 1
| #define HAVE_DLFCN_H 1
| #define LT_OBJDIR ".libs/"
| #define RELEASED 1
| /* end confdefs.h.  */
| #include <stdio.h>
| #ifdef HAVE_SYS_TYPES_H
| # include <sys/types.h>
| #endif
| #ifdef HAVE_SYS_STAT_H
| # include <sys/stat.h>
| #endif
| #ifdef STDC_HEADERS
| # include <stdlib.h>
| # include <stddef.h>
| #else
| # ifdef HAVE_STDLIB_H
| #  include <stdlib.h>
| # endif
| #endif
| #ifdef HAVE_STRING_H
| # if !defined STDC_HEADERS && defined HAVE_MEMORY_H
| #  include <memory.h>
| # endif
| # include <string.h>
| #endif
| #ifdef HAVE_STRINGS_H
| # include <strings.h>
| #endif
| #ifdef HAVE_INTTYPES_H
| # include <inttypes.h>
| #endif
| #ifdef HAVE_STDINT_H
| # include <stdint.h>
| #endif
| #ifdef HAVE_UNISTD_H
| # include <unistd.h>
| #endif
| int
| main ()
| {
| if (sizeof ((size_t)))
| 	    return 0;
|   ;
|   return 0;
| }
configure:9587: result: yes
configure:9599: checking for working volatile
configure:9618: gcc -c -g -O2  conftest.c >&5
conftest.c:23: warning: "RELEASED" redefined
   23 | #define RELEASED 1
      | 
conftest.c:10: note: this is the location of the previous definition
   10 | #define RELEASED /**/
      | 
configure:9618: $? = 0
configure:9625: result: yes
configure:9633: checking for inline
configure:9649: gcc -c -g -O2  conftest.c >&5
conftest.c:23: warning: "RELEASED" redefined
   23 | #define RELEASED 1
      | 
conftest.c:10: note: this is the location of the previous definition
   10 | #define RELEASED /**/
      | 
configure:9649: $? = 0
configure:9657: result: inline
configure:9695: checking gsl/gsl_sf_gamma.h usability
configure:9695: gcc -c -g -O2  conftest.c >&5
conftest.c:23: warning: "RELEASED" redefined
   23 | #define RELEASED 1
      | 
conftest.c:10: note: this is the location of the previous definition
   10 | #define RELEASED /**/
      | 
configure:9695: $? = 0
configure:9695: result: yes
configure:9695: checking gsl/gsl_sf_gamma.h presence
configure:9695: gcc -E  conftest.c
conftest.c:23: warning: "RELEASED" redefined
   23 | #define RELEASED 1
      | 
conftest.c:10: note: this is the location of the previous definition
   10 | #define RELEASED /**/
      | 
configure:9695: $? = 0
configure:9695: result: yes
configure:9695: checking for gsl/gsl_sf_gamma.h
configure:9695: result: yes
configure:9703: checking for main in -lgslcblas
configure:9722: gcc -o conftest -g -O2   conftest.c -lgslcblas   >&5
conftest.c:23: warning: "RELEASED" redefined
   23 | #define RELEASED 1
      | 
conftest.c:10: note: this is the location of the previous definition
   10 | #define RELEASED /**/
      | 
configure:9722: $? = 0
configure:9731: result: yes
configure:9744: checking for gsl_sf_gamma in -lgsl
configure:9769: gcc -o conftest -g -O2   conftest.c -lgsl  -lgslcblas  >&5
conftest.c:23: warning: "RELEASED" redefined
   23 | #define RELEASED 1
      | 
conftest.c:10: note: this is the location of the previous definition
   10 | #define RELEASED /**/
      | 
configure:9769: $? = 0
configure:9778: result: yes
configure:9798: checking for endianness
configure:9825: gcc -o conftest -g -O2   conftest.c -lgsl -lgslcblas  >&5
conftest.c:23: warning: "RELEASED" redefined
   23 | #define RELEASED 1
      | 
conftest.c:10: note: this is the location of the previous definition
   10 | #define RELEASED /**/
      | 
conftest.c: In function 'main':
conftest.c:33:9: warning: implicit declaration of function 'exit' [-Wimplicit-function-declaration]
   33 |         exit(*c == 1);
      |         ^~~~
conftest.c:33:9: warning: incompatible implicit declaration of built-in function 'exit'
conftest.c:1:1: note: include '<stdlib.h>' or provide a declaration of 'exit'
  +++ |+#include <stdlib.h>
    1 | /* confdefs.h */
configure:9825: $? = 0
configure:9825: ./conftest
configure:9825: $? = 1
configure: program exited with status 1
configure: failed program was:
| /* confdefs.h */
| #define PACKAGE_NAME "dieharder"
| #define PACKAGE_TARNAME "dieharder"
| #define PACKAGE_VERSION "3.31.1"
| #define PACKAGE_STRING "dieharder 3.31.1"
| #define PACKAGE_BUGREPORT ""
| #define PACKAGE_URL ""
| #define PACKAGE "dieharder"
| #define VERSION "3.31.1"
| #define RELEASED /**/
| #define STDC_HEADERS 1
| #define HAVE_SYS_TYPES_H 1
| #define HAVE_SYS_STAT_H 1
| #define HAVE_STDLIB_H 1
| #define HAVE_STRING_H 1
| #define HAVE_MEMORY_H 1
| #define HAVE_STRINGS_H 1
| #define HAVE_INTTYPES_H 1
| #define HAVE_STDINT_H 1
| #define HAVE_UNISTD_H 1
| #define HAVE_DLFCN_H 1
| #define LT_OBJDIR ".libs/"
| #define RELEASED 1
| #define HAVE_LIBGSLCBLAS 1
| #define HAVE_LIBGSL 1
| /* end confdefs.h.  */
| 
| int
| main ()
| {
|         long val = 1;
|         char *c = (char *) &val;
|         exit(*c == 1);
| 
|   ;
|   return 0;
| }
| 
configure:9840: result: little
configure:9856: checking for an ANSI C-conforming const
configure:9922: gcc -c -g -O2  conftest.c >&5
conftest.c:23: warning: "RELEASED" redefined
   23 | #define RELEASED 1
      | 
conftest.c:10: note: this is the location of the previous definition
   10 | #define RELEASED /**/
      | 
configure:9922: $? = 0
configure:9929: result: yes
configure:9937: checking for size_t
configure:9937: result: yes
configure:9948: checking whether time.h and sys/time.h may both be included
configure:9968: gcc -c -g -O2  conftest.c >&5
conftest.c:23: warning: "RELEASED" redefined
   23 | #define RELEASED 1
      | 
conftest.c:10: note: this is the location of the previous definition
   10 | #define RELEASED /**/
      | 
configure:9968: $? = 0
configure:9975: result: yes
configure:10092: checking that generated files are newer than configure
configure:10098: result: done
configure:10125: creating ./config.status

## ---------------------- ##
## Running config.status. ##
## ---------------------- ##

This file was extended by dieharder config.status 3.31.1, which was
generated by GNU Autoconf 2.69.  Invocation command line was

  CONFIG_FILES    = 
  CONFIG_HEADERS  = 
  CONFIG_LINKS    = 
  CONFIG_COMMANDS = 
  $ ./config.status 

on kharbanda

config.status:1106: creating dieharder_version.h
config.status:1106: creating dieharder.spec
config.status:1106: creating dieharder.html
config.status:1106: creating dieharder-config
config.status:1106: creating dieharder/Makefile
config.status:1106: creating include/Makefile
config.status:1106: creating libdieharder/Makefile
config.status:1106: creating manual/Makefile
config.status:1106: creating manual/macros.tex
config.status:1106: creating Makefile
config.status:1106: creating config.h
config.status:1287: config.h is unchanged
config.status:1335: executing depfiles commands
config.status:1412: cd dieharder       && sed -e '/# am--include-marker/d' Makefile         | make -f - am--depfiles
make: Nothing to be done for 'am--depfiles'.
config.status:1417: $? = 0
config.status:1412: cd libdieharder       && sed -e '/# am--include-marker/d' Makefile         | make -f - am--depfiles
make: Nothing to be done for 'am--depfiles'.
config.status:1417: $? = 0
config.status:1335: executing libtool commands

## ---------------- ##
## Cache variables. ##
## ---------------- ##

ac_cv_build=x86_64-unknown-linux-gnu
ac_cv_c_compiler_gnu=yes
ac_cv_c_const=yes
ac_cv_c_endian=little
ac_cv_c_inline=inline
ac_cv_c_volatile=yes
ac_cv_env_CC_set=
ac_cv_env_CC_value=
ac_cv_env_CFLAGS_set=
ac_cv_env_CFLAGS_value=
ac_cv_env_CPPFLAGS_set=
ac_cv_env_CPPFLAGS_value=
ac_cv_env_CPP_set=
ac_cv_env_CPP_value=
ac_cv_env_LDFLAGS_set=
ac_cv_env_LDFLAGS_value=
ac_cv_env_LIBS_set=
ac_cv_env_LIBS_value=
ac_cv_env_LT_SYS_LIBRARY_PATH_set=
ac_cv_env_LT_SYS_LIBRARY_PATH_value=
ac_cv_env_build_alias_set=
ac_cv_env_build_alias_value=
ac_cv_env_host_alias_set=
ac_cv_env_host_alias_value=
ac_cv_env_target_alias_set=
ac_cv_env_target_alias_value=
ac_cv_header_dlfcn_h=yes
ac_cv_header_gsl_gsl_sf_gamma_h=yes
ac_cv_header_inttypes_h=yes
ac_cv_header_memory_h=yes
ac_cv_header_stdc=yes
ac_cv_header_stdint_h=yes
ac_cv_header_stdlib_h=yes
ac_cv_header_string_h=yes
ac_cv_header_strings_h=yes
ac_cv_header_sys_stat_h=yes
ac_cv_header_sys_types_h=yes
ac_cv_header_time=yes
ac_cv_header_unistd_h=yes
ac_cv_host=x86_64-unknown-linux-gnu
ac_cv_lib_gsl_gsl_sf_gamma=yes
ac_cv_lib_gslcblas_main=yes
ac_cv_objext=o
ac_cv_path_EGREP='/bin/grep -E'
ac_cv_path_FGREP='/bin/grep -F'
ac_cv_path_GREP=/bin/grep
ac_cv_path_SED=/bin/sed
ac_cv_path_install='/usr/bin/install -c'
ac_cv_path_lt_DD=/bin/dd
ac_cv_path_mkdir=/bin/mkdir
ac_cv_prog_AWK=mawk
ac_cv_prog_CPP='gcc -E'
ac_cv_prog_ac_ct_AR=ar
ac_cv_prog_ac_ct_CC=gcc
ac_cv_prog_ac_ct_MANIFEST_TOOL=mt
ac_cv_prog_ac_ct_OBJDUMP=objdump
ac_cv_prog_ac_ct_RANLIB=ranlib
ac_cv_prog_ac_ct_STRIP=strip
ac_cv_prog_cc_c89=
ac_cv_prog_cc_g=yes
ac_cv_prog_make_make_set=yes
ac_cv_type_size_t=yes
am_cv_CC_dependencies_compiler_type=gcc3
am_cv_make_support_nested_variables=yes
am_cv_prog_cc_c_o=yes
lt_cv_ar_at_file=@
lt_cv_archive_cmds_need_lc=no
lt_cv_deplibs_check_method=pass_all
lt_cv_file_magic_cmd='$MAGIC_CMD'
lt_cv_file_magic_test_file=
lt_cv_ld_reload_flag=-r
lt_cv_nm_interface='BSD nm'
lt_cv_objdir=.libs
lt_cv_path_LD=/usr/bin/ld
lt_cv_path_NM='/usr/bin/nm -B'
lt_cv_path_mainfest_tool=no
lt_cv_prog_compiler_c_o=yes
lt_cv_prog_compiler_pic='-fPIC -DPIC'
lt_cv_prog_compiler_pic_works=yes
lt_cv_prog_compiler_rtti_exceptions=no
lt_cv_prog_compiler_static_works=yes
lt_cv_prog_gnu_ld=yes
lt_cv_sharedlib_from_linklib_cmd='printf %s\n'
lt_cv_shlibpath_overrides_runpath=yes
lt_cv_sys_global_symbol_pipe='sed -n -e '\''s/^.*[	 ]\([ABCDGIRSTW][ABCDGIRSTW]*\)[	 ][	 ]*\([_A-Za-z][_A-Za-z0-9]*\)$/\1 \2 \2/p'\'' | sed '\''/ __gnu_lto/d'\'''
lt_cv_sys_global_symbol_to_c_name_address='sed -n -e '\''s/^: \(.*\) .*$/  {"\1", (void *) 0},/p'\'' -e '\''s/^[ABCDGIRSTW][ABCDGIRSTW]* .* \(.*\)$/  {"\1", (void *) \&\1},/p'\'''
lt_cv_sys_global_symbol_to_c_name_address_lib_prefix='sed -n -e '\''s/^: \(.*\) .*$/  {"\1", (void *) 0},/p'\'' -e '\''s/^[ABCDGIRSTW][ABCDGIRSTW]* .* \(lib.*\)$/  {"\1", (void *) \&\1},/p'\'' -e '\''s/^[ABCDGIRSTW][ABCDGIRSTW]* .* \(.*\)$/  {"lib\1", (void *) \&\1},/p'\'''
lt_cv_sys_global_symbol_to_cdecl='sed -n -e '\''s/^T .* \(.*\)$/extern int \1();/p'\'' -e '\''s/^[ABCDGIRSTW][ABCDGIRSTW]* .* \(.*\)$/extern char \1;/p'\'''
lt_cv_sys_global_symbol_to_import=
lt_cv_sys_max_cmd_len=1572864
lt_cv_to_host_file_cmd=func_convert_file_noop
lt_cv_to_tool_file_cmd=func_convert_file_noop
lt_cv_truncate_bin='/bin/dd bs=4096 count=1'

## ----------------- ##
## Output variables. ##
## ----------------- ##

ACLOCAL='/bin/bash ./missing --run aclocal'
ACLOCAL_AMFLAGS='-I m4'
ACTAR='/bin/bash ./missing --run tar'
AMDEPBACKSLASH='\'
AMDEP_FALSE='#'
AMDEP_TRUE=''
AMTAR='$${TAR-tar}'
AM_BACKSLASH='\'
AM_DEFAULT_V='$(AM_DEFAULT_VERBOSITY)'
AM_DEFAULT_VERBOSITY='1'
AM_V='$(V)'
AR='ar'
AUTOCONF='/bin/bash ./missing --run autoconf;echo "Run ./configure";exit'
AUTOHEADER='/bin/bash ./missing --run autoheader'
AUTOMAKE='/bin/bash ./missing --run automake --add-missing --copy --gnu'
AWK='mawk'
CC='gcc'
CCDEPMODE='depmode=gcc3'
CFLAGS='-g -O2'
CPP='gcc -E'
CPPFLAGS=''
CYGPATH_W='echo'
DEFS='-DHAVE_CONFIG_H'
DEPDIR='.deps'
DIEHARDER_CFLAGS='-I${prefix}/include'
DIEHARDER_LIBS='-L${exec_prefix}/lib -ldieharder'
DIEHARDER_LIB_VERSION='3.31.1'
DIEHARDER_LT_VERSION='3:31:1'
DLLTOOL='false'
DSYMUTIL=''
DUMPBIN=''
ECHO_C=''
ECHO_N='-n'
ECHO_T=''
EGREP='/bin/grep -E'
EXEEXT=''
FGREP='/bin/grep -F'
GREP='/bin/grep'
INSTALL_DATA='${INSTALL} -m 644'
INSTALL_PROGRAM='${INSTALL}'
INSTALL_SCRIPT='${INSTALL}'
INSTALL_STRIP_PROGRAM='$(install_sh) -c -s'
LD='/usr/bin/ld -m elf_x86_64'
LDFLAGS=''
LIBOBJS=''
LIBS='-lgsl -lgslcblas '
LIBTOOL='$(SHELL) $(top_builddir)/libtool'
LIBTOOL_DEPS='./ltmain.sh'
LIPO=''
LITTLE_ENDIAN='1'
LN_S='ln -s'
LTLIBOBJS=''
LT_SYS_LIBRARY_PATH=''
MAKEINFO='makeinfo'
MANIFEST_TOOL=':'
MKDIR_P='/bin/mkdir -p'
NM='/usr/bin/nm -B'
NMEDIT=''
OBJDUMP='objdump'
OBJEXT='o'
OTOOL64=''
OTOOL=''
PACKAGE='dieharder'
PACKAGE_BUGREPORT=''
PACKAGE_NAME='dieharder'
PACKAGE_STRING='dieharder 3.31.1'
PACKAGE_TARNAME='dieharder'
PACKAGE_URL=''
PACKAGE_VERSION='3.31.1'
PATH_SEPARATOR=':'
RANLIB='ranlib'
RELEASE='1'
RELEASED=''
SED='/bin/sed'
SET_MAKE=''
SHELL='/bin/bash'
STRIP='strip'
VERSION='3.31.1'
ac_ct_AR='ar'
ac_ct_CC='gcc'
ac_ct_DUMPBIN=''
am__EXEEXT_FALSE=''
am__EXEEXT_TRUE='#'
am__fastdepCC_FALSE='#'
am__fastdepCC_TRUE=''
am__include='include'
am__isrc=''
am__leading_dot='.'
am__nodep='_no'
am__quote=''
am__tar='$${TAR-tar} chof - "$$tardir"'
am__untar='$${TAR-tar} xf -'
bindir='${exec_prefix}/bin'
build='x86_64-unknown-linux-gnu'
build_alias=''
build_cpu='x86_64'
build_os='linux-gnu'
build_vendor='unknown'
datadir='${datarootdir}'
datarootdir='${prefix}/share'
dieharder_CFLAGS='-std=c99 -Wall -pedantic -I${prefix}/include'
docdir='${datarootdir}/doc/${PACKAGE_TARNAME}'
dvidir='${docdir}'
exec_prefix='${prefix}'
host='x86_64-unknown-linux-gnu'
host_alias=''
host_cpu='x86_64'
host_os='linux-gnu'
host_vendor='unknown'
htmldir='${docdir}'
includedir='${prefix}/include'
infodir='${datarootdir}/info'
install_sh='${SHELL} /home/mayank/Desktop/randomness/Tests/dieharder_install/dieharder-3.31.1/install-sh'
libdieharder_lo_CFLAGS='-Wall -pedantic -I${prefix}/include'
libdir='${exec_prefix}/lib'
libexecdir='${exec_prefix}/libexec'
localedir='${datarootdir}/locale'
localstatedir='${prefix}/var'
mandir='${datarootdir}/man'
mkdir_p='$(MKDIR_P)'
oldincludedir='/usr/include'
pdfdir='${docdir}'
prefix='/home/mayank/Desktop/randomness/Tests/dieharder_install/dieharder-3.31.1/../install'
program_transform_name='s,x,x,'
psdir='${docdir}'
runstatedir='${localstatedir}/run'
sbindir='${exec_prefix}/sbin'
sharedstatedir='${prefix}/com'
sysconfdir='${prefix}/etc'
target_alias=''

## ----------- ##
## confdefs.h. ##
## ----------- ##

/* confdefs.h */
#define PACKAGE_NAME "dieharder"
#define PACKAGE_TARNAME "dieharder"
#define PACKAGE_VERSION "3.31.1"
#define PACKAGE_STRING "dieharder 3.31.1"
#define PACKAGE_BUGREPORT ""
#define PACKAGE_URL ""
#define PACKAGE "dieharder"
#define VERSION "3.31.1"
#define RELEASED /**/
#define STDC_HEADERS 1
#define HAVE_SYS_TYPES_H 1
#define HAVE_SYS_STAT_H 1
#define HAVE_STDLIB_H 1
#define HAVE_STRING_H 1
#define HAVE_MEMORY_H 1
#define HAVE_STRINGS_H 1
#define HAVE_INTTYPES_H 1
#define HAVE_STDINT_H 1
#define HAVE_UNISTD_H 1
#define HAVE_DLFCN_H 1
#define LT_OBJDIR ".libs/"
#define RELEASED 1
#define HAVE_LIBGSLCBLAS 1
#define HAVE_LIBGSL 1
#define TIME_WITH_SYS_TIME 1

configure: exit 0
